{"C:\\Users\\User\\Firma-Legal-Abogados-Movil\\Firma-Legal-Movil\\frontend\\src\\domain\\services\\getBaseUrl.ts": {"path":"C:\\Users\\User\\Firma-Legal-Abogados-Movil\\Firma-Legal-Movil\\frontend\\src\\domain\\services\\getBaseUrl.ts","statementMap":{"0":{"start":{"line":6,"column":14},"end":{"line":6,"column":16}},"1":{"start":{"line":8,"column":26},"end":{"line":30,"column":1}},"2":{"start":{"line":10,"column":2},"end":{"line":12,"column":3}},"3":{"start":{"line":11,"column":4},"end":{"line":11,"column":19}},"4":{"start":{"line":14,"column":2},"end":{"line":29,"column":3}},"5":{"start":{"line":15,"column":21},"end":{"line":15,"column":69}},"6":{"start":{"line":17,"column":25},"end":{"line":17,"column":72}},"7":{"start":{"line":18,"column":4},"end":{"line":21,"column":5}},"8":{"start":{"line":19,"column":6},"end":{"line":19,"column":72}},"9":{"start":{"line":20,"column":6},"end":{"line":20,"column":41}},"10":{"start":{"line":22,"column":15},"end":{"line":22,"column":41}},"11":{"start":{"line":23,"column":4},"end":{"line":23,"column":38}},"12":{"start":{"line":24,"column":4},"end":{"line":24,"column":57}},"13":{"start":{"line":25,"column":4},"end":{"line":25,"column":19}},"14":{"start":{"line":27,"column":4},"end":{"line":27,"column":73}},"15":{"start":{"line":28,"column":4},"end":{"line":28,"column":39}}},"fnMap":{"0":{"name":"(anonymous_0)","decl":{"start":{"line":8,"column":26},"end":{"line":8,"column":27}},"loc":{"start":{"line":8,"column":40},"end":{"line":30,"column":1}},"line":8}},"branchMap":{"0":{"loc":{"start":{"line":10,"column":2},"end":{"line":12,"column":3}},"type":"if","locations":[{"start":{"line":10,"column":2},"end":{"line":12,"column":3}},{"start":{},"end":{}}],"line":10},"1":{"loc":{"start":{"line":15,"column":21},"end":{"line":15,"column":69}},"type":"binary-expr","locations":[{"start":{"line":15,"column":21},"end":{"line":15,"column":39}},{"start":{"line":15,"column":43},"end":{"line":15,"column":63}},{"start":{"line":15,"column":67},"end":{"line":15,"column":69}}],"line":15},"2":{"loc":{"start":{"line":17,"column":25},"end":{"line":17,"column":72}},"type":"binary-expr","locations":[{"start":{"line":17,"column":25},"end":{"line":17,"column":46}},{"start":{"line":17,"column":50},"end":{"line":17,"column":66}},{"start":{"line":17,"column":70},"end":{"line":17,"column":72}}],"line":17},"3":{"loc":{"start":{"line":18,"column":4},"end":{"line":21,"column":5}},"type":"if","locations":[{"start":{"line":18,"column":4},"end":{"line":21,"column":5}},{"start":{},"end":{}}],"line":18}},"s":{"0":1,"1":1,"2":0,"3":0,"4":0,"5":0,"6":0,"7":0,"8":0,"9":0,"10":0,"11":0,"12":0,"13":0,"14":0,"15":0},"f":{"0":0},"b":{"0":[0,0],"1":[0,0,0],"2":[0,0,0],"3":[0,0]},"_coverageSchema":"1a1c01bbd47fc00a2c39e90264f33305004495a9","hash":"a5110d8c52eef3a4a9aaa56d56944a76a96a5c10"}
,"C:\\Users\\User\\Firma-Legal-Abogados-Movil\\Firma-Legal-Movil\\frontend\\src\\presentation\\views\\abogado-screens\\abogado-agenda-screen\\abogado-editar-agenda-screen\\viewAbogadoEditarAgendaScreenModel.tsx": {"path":"C:\\Users\\User\\Firma-Legal-Abogados-Movil\\Firma-Legal-Movil\\frontend\\src\\presentation\\views\\abogado-screens\\abogado-agenda-screen\\abogado-editar-agenda-screen\\viewAbogadoEditarAgendaScreenModel.tsx","statementMap":{"0":{"start":{"line":18,"column":44},"end":{"line":175,"column":1}},"1":{"start":{"line":19,"column":27},"end":{"line":19,"column":39}},"2":{"start":{"line":20,"column":25},"end":{"line":20,"column":57}},"3":{"start":{"line":24,"column":52},"end":{"line":24,"column":137}},"4":{"start":{"line":25,"column":50},"end":{"line":25,"column":93}},"5":{"start":{"line":26,"column":38},"end":{"line":26,"column":61}},"6":{"start":{"line":27,"column":48},"end":{"line":27,"column":71}},"7":{"start":{"line":28,"column":32},"end":{"line":28,"column":82}},"8":{"start":{"line":29,"column":50},"end":{"line":29,"column":65}},"9":{"start":{"line":30,"column":30},"end":{"line":30,"column":55}},"10":{"start":{"line":31,"column":44},"end":{"line":31,"column":76}},"11":{"start":{"line":33,"column":31},"end":{"line":69,"column":11}},"12":{"start":{"line":34,"column":12},"end":{"line":68,"column":13}},"13":{"start":{"line":35,"column":30},"end":{"line":35,"column":42}},"14":{"start":{"line":38,"column":43},"end":{"line":44,"column":13}},"15":{"start":{"line":46,"column":12},"end":{"line":46,"column":72}},"16":{"start":{"line":49,"column":12},"end":{"line":51,"column":13}},"17":{"start":{"line":50,"column":14},"end":{"line":50,"column":69}},"18":{"start":{"line":53,"column":31},"end":{"line":53,"column":111}},"19":{"start":{"line":54,"column":12},"end":{"line":54,"column":66}},"20":{"start":{"line":55,"column":12},"end":{"line":55,"column":32}},"21":{"start":{"line":58,"column":14},"end":{"line":60,"column":15}},"22":{"start":{"line":59,"column":16},"end":{"line":59,"column":72}},"23":{"start":{"line":61,"column":14},"end":{"line":67,"column":17}},"24":{"start":{"line":71,"column":29},"end":{"line":82,"column":7}},"25":{"start":{"line":72,"column":8},"end":{"line":81,"column":9}},"26":{"start":{"line":73,"column":26},"end":{"line":73,"column":38}},"27":{"start":{"line":74,"column":26},"end":{"line":74,"column":114}},"28":{"start":{"line":75,"column":10},"end":{"line":75,"column":35}},"29":{"start":{"line":76,"column":10},"end":{"line":76,"column":100}},"30":{"start":{"line":77,"column":10},"end":{"line":77,"column":59}},"31":{"start":{"line":80,"column":10},"end":{"line":80,"column":65}},"32":{"start":{"line":85,"column":8},"end":{"line":88,"column":32}},"33":{"start":{"line":86,"column":10},"end":{"line":86,"column":63}},"34":{"start":{"line":87,"column":10},"end":{"line":87,"column":26}},"35":{"start":{"line":91,"column":35},"end":{"line":94,"column":7}},"36":{"start":{"line":92,"column":10},"end":{"line":92,"column":36}},"37":{"start":{"line":93,"column":10},"end":{"line":93,"column":54}},"38":{"start":{"line":96,"column":31},"end":{"line":104,"column":9}},"39":{"start":{"line":100,"column":10},"end":{"line":100,"column":51}},"40":{"start":{"line":101,"column":10},"end":{"line":103,"column":11}},"41":{"start":{"line":102,"column":12},"end":{"line":102,"column":35}},"42":{"start":{"line":107,"column":32},"end":{"line":113,"column":7}},"43":{"start":{"line":108,"column":8},"end":{"line":112,"column":31}},"44":{"start":{"line":115,"column":28},"end":{"line":132,"column":7}},"45":{"start":{"line":116,"column":24},"end":{"line":116,"column":36}},"46":{"start":{"line":117,"column":8},"end":{"line":131,"column":9}},"47":{"start":{"line":118,"column":27},"end":{"line":118,"column":91}},"48":{"start":{"line":119,"column":10},"end":{"line":119,"column":56}},"49":{"start":{"line":120,"column":10},"end":{"line":123,"column":11}},"50":{"start":{"line":124,"column":10},"end":{"line":124,"column":30}},"51":{"start":{"line":127,"column":10},"end":{"line":129,"column":11}},"52":{"start":{"line":128,"column":12},"end":{"line":128,"column":68}},"53":{"start":{"line":130,"column":10},"end":{"line":130,"column":61}},"54":{"start":{"line":134,"column":35},"end":{"line":150,"column":9}},"55":{"start":{"line":135,"column":10},"end":{"line":149,"column":12}},"56":{"start":{"line":152,"column":6},"end":{"line":174,"column":7}}},"fnMap":{"0":{"name":"(anonymous_0)","decl":{"start":{"line":18,"column":44},"end":{"line":18,"column":45}},"loc":{"start":{"line":18,"column":98},"end":{"line":175,"column":1}},"line":18},"1":{"name":"(anonymous_1)","decl":{"start":{"line":33,"column":31},"end":{"line":33,"column":32}},"loc":{"start":{"line":33,"column":43},"end":{"line":69,"column":11}},"line":33},"2":{"name":"(anonymous_2)","decl":{"start":{"line":71,"column":29},"end":{"line":71,"column":30}},"loc":{"start":{"line":71,"column":41},"end":{"line":82,"column":7}},"line":71},"3":{"name":"(anonymous_3)","decl":{"start":{"line":85,"column":18},"end":{"line":85,"column":19}},"loc":{"start":{"line":85,"column":24},"end":{"line":88,"column":9}},"line":85},"4":{"name":"(anonymous_4)","decl":{"start":{"line":91,"column":35},"end":{"line":91,"column":36}},"loc":{"start":{"line":91,"column":55},"end":{"line":94,"column":7}},"line":91},"5":{"name":"(anonymous_5)","decl":{"start":{"line":96,"column":31},"end":{"line":96,"column":32}},"loc":{"start":{"line":99,"column":13},"end":{"line":104,"column":9}},"line":99},"6":{"name":"(anonymous_6)","decl":{"start":{"line":107,"column":32},"end":{"line":107,"column":33}},"loc":{"start":{"line":107,"column":48},"end":{"line":113,"column":7}},"line":107},"7":{"name":"(anonymous_7)","decl":{"start":{"line":115,"column":28},"end":{"line":115,"column":29}},"loc":{"start":{"line":115,"column":40},"end":{"line":132,"column":7}},"line":115},"8":{"name":"(anonymous_8)","decl":{"start":{"line":134,"column":35},"end":{"line":134,"column":36}},"loc":{"start":{"line":134,"column":41},"end":{"line":150,"column":9}},"line":134}},"branchMap":{"0":{"loc":{"start":{"line":24,"column":76},"end":{"line":24,"column":136}},"type":"cond-expr","locations":[{"start":{"line":24,"column":100},"end":{"line":24,"column":129}},{"start":{"line":24,"column":132},"end":{"line":24,"column":136}}],"line":24},"1":{"loc":{"start":{"line":25,"column":59},"end":{"line":25,"column":92}},"type":"binary-expr","locations":[{"start":{"line":25,"column":59},"end":{"line":25,"column":76}},{"start":{"line":25,"column":80},"end":{"line":25,"column":92}}],"line":25},"2":{"loc":{"start":{"line":28,"column":50},"end":{"line":28,"column":80}},"type":"binary-expr","locations":[{"start":{"line":28,"column":50},"end":{"line":28,"column":66}},{"start":{"line":28,"column":70},"end":{"line":28,"column":80}}],"line":28},"3":{"loc":{"start":{"line":40,"column":20},"end":{"line":40,"column":62}},"type":"cond-expr","locations":[{"start":{"line":40,"column":43},"end":{"line":40,"column":47}},{"start":{"line":40,"column":50},"end":{"line":40,"column":62}}],"line":40},"4":{"loc":{"start":{"line":49,"column":12},"end":{"line":51,"column":13}},"type":"if","locations":[{"start":{"line":49,"column":12},"end":{"line":51,"column":13}},{"start":{},"end":{}}],"line":49},"5":{"loc":{"start":{"line":49,"column":16},"end":{"line":49,"column":66}},"type":"binary-expr","locations":[{"start":{"line":49,"column":16},"end":{"line":49,"column":31}},{"start":{"line":49,"column":35},"end":{"line":49,"column":66}}],"line":49},"6":{"loc":{"start":{"line":58,"column":14},"end":{"line":60,"column":15}},"type":"if","locations":[{"start":{"line":58,"column":14},"end":{"line":60,"column":15}},{"start":{},"end":{}}],"line":58},"7":{"loc":{"start":{"line":66,"column":28},"end":{"line":66,"column":59}},"type":"binary-expr","locations":[{"start":{"line":66,"column":28},"end":{"line":66,"column":43}},{"start":{"line":66,"column":47},"end":{"line":66,"column":59}}],"line":66},"8":{"loc":{"start":{"line":86,"column":28},"end":{"line":86,"column":61}},"type":"binary-expr","locations":[{"start":{"line":86,"column":28},"end":{"line":86,"column":45}},{"start":{"line":86,"column":49},"end":{"line":86,"column":61}}],"line":86},"9":{"loc":{"start":{"line":101,"column":10},"end":{"line":103,"column":11}},"type":"if","locations":[{"start":{"line":101,"column":10},"end":{"line":103,"column":11}},{"start":{},"end":{}}],"line":101},"10":{"loc":{"start":{"line":127,"column":10},"end":{"line":129,"column":11}},"type":"if","locations":[{"start":{"line":127,"column":10},"end":{"line":129,"column":11}},{"start":{},"end":{}}],"line":127}},"s":{"0":1,"1":2,"2":2,"3":2,"4":2,"5":2,"6":2,"7":2,"8":2,"9":2,"10":2,"11":2,"12":0,"13":0,"14":0,"15":0,"16":0,"17":0,"18":0,"19":0,"20":0,"21":0,"22":0,"23":0,"24":2,"25":2,"26":2,"27":2,"28":2,"29":2,"30":2,"31":0,"32":2,"33":2,"34":2,"35":2,"36":0,"37":0,"38":2,"39":0,"40":0,"41":0,"42":2,"43":0,"44":2,"45":1,"46":1,"47":1,"48":1,"49":1,"50":1,"51":0,"52":0,"53":0,"54":2,"55":2,"56":2},"f":{"0":2,"1":0,"2":2,"3":2,"4":0,"5":0,"6":0,"7":1,"8":2},"b":{"0":[2,0],"1":[2,0],"2":[2,0],"3":[0,0],"4":[0,0],"5":[0,0],"6":[0,0],"7":[0,0],"8":[2,0],"9":[0,0],"10":[0,0]},"_coverageSchema":"1a1c01bbd47fc00a2c39e90264f33305004495a9","hash":"3d7f939b88d47c8d3f9f88d4878a91946f8772a7"}
,"C:\\Users\\User\\Firma-Legal-Abogados-Movil\\Firma-Legal-Movil\\frontend\\src\\presentation\\views\\inicio-screen\\viewInicioSesionScreenModel.tsx": {"path":"C:\\Users\\User\\Firma-Legal-Abogados-Movil\\Firma-Legal-Movil\\frontend\\src\\presentation\\views\\inicio-screen\\viewInicioSesionScreenModel.tsx","statementMap":{"0":{"start":{"line":14,"column":36},"end":{"line":112,"column":1}},"1":{"start":{"line":15,"column":30},"end":{"line":15,"column":42}},"2":{"start":{"line":16,"column":34},"end":{"line":16,"column":46}},"3":{"start":{"line":17,"column":32},"end":{"line":17,"column":47}},"4":{"start":{"line":20,"column":19},"end":{"line":20,"column":51}},"5":{"start":{"line":23,"column":28},"end":{"line":25,"column":3}},"6":{"start":{"line":26,"column":27},"end":{"line":28,"column":3}},"7":{"start":{"line":30,"column":29},"end":{"line":33,"column":3}},"8":{"start":{"line":31,"column":4},"end":{"line":31,"column":16}},"9":{"start":{"line":32,"column":4},"end":{"line":32,"column":19}},"10":{"start":{"line":35,"column":24},"end":{"line":98,"column":3}},"11":{"start":{"line":36,"column":4},"end":{"line":39,"column":5}},"12":{"start":{"line":37,"column":6},"end":{"line":37,"column":64}},"13":{"start":{"line":38,"column":6},"end":{"line":38,"column":13}},"14":{"start":{"line":41,"column":4},"end":{"line":41,"column":21}},"15":{"start":{"line":42,"column":4},"end":{"line":97,"column":5}},"16":{"start":{"line":43,"column":26},"end":{"line":43,"column":38}},"17":{"start":{"line":44,"column":29},"end":{"line":44,"column":44}},"18":{"start":{"line":45,"column":22},"end":{"line":45,"column":34}},"19":{"start":{"line":46,"column":23},"end":{"line":54,"column":8}},"20":{"start":{"line":56,"column":6},"end":{"line":86,"column":5}},"21":{"start":{"line":57,"column":8},"end":{"line":57,"column":69}},"22":{"start":{"line":58,"column":29},"end":{"line":58,"column":77}},"23":{"start":{"line":60,"column":38},"end":{"line":60,"column":71}},"24":{"start":{"line":61,"column":8},"end":{"line":61,"column":104}},"25":{"start":{"line":63,"column":27},"end":{"line":63,"column":50}},"26":{"start":{"line":64,"column":8},"end":{"line":64,"column":82}},"27":{"start":{"line":66,"column":31},"end":{"line":66,"column":77}},"28":{"start":{"line":67,"column":8},"end":{"line":67,"column":90}},"29":{"start":{"line":70,"column":8},"end":{"line":70,"column":76}},"30":{"start":{"line":72,"column":8},"end":{"line":81,"column":9}},"31":{"start":{"line":73,"column":10},"end":{"line":75,"column":13}},"32":{"start":{"line":76,"column":15},"end":{"line":81,"column":9}},"33":{"start":{"line":77,"column":10},"end":{"line":80,"column":13}},"34":{"start":{"line":82,"column":8},"end":{"line":82,"column":29}},"35":{"start":{"line":85,"column":8},"end":{"line":85,"column":88}},"36":{"start":{"line":88,"column":23},"end":{"line":88,"column":42}},"37":{"start":{"line":89,"column":6},"end":{"line":93,"column":9}},"38":{"start":{"line":94,"column":6},"end":{"line":94,"column":111}},"39":{"start":{"line":96,"column":6},"end":{"line":96,"column":24}},"40":{"start":{"line":100,"column":2},"end":{"line":111,"column":3}}},"fnMap":{"0":{"name":"(anonymous_0)","decl":{"start":{"line":14,"column":36},"end":{"line":14,"column":37}},"loc":{"start":{"line":14,"column":42},"end":{"line":112,"column":1}},"line":14},"1":{"name":"(anonymous_1)","decl":{"start":{"line":23,"column":28},"end":{"line":23,"column":29}},"loc":{"start":{"line":23,"column":34},"end":{"line":25,"column":3}},"line":23},"2":{"name":"(anonymous_2)","decl":{"start":{"line":26,"column":27},"end":{"line":26,"column":28}},"loc":{"start":{"line":26,"column":33},"end":{"line":28,"column":3}},"line":26},"3":{"name":"(anonymous_3)","decl":{"start":{"line":30,"column":29},"end":{"line":30,"column":30}},"loc":{"start":{"line":30,"column":34},"end":{"line":33,"column":3}},"line":30},"4":{"name":"(anonymous_4)","decl":{"start":{"line":35,"column":24},"end":{"line":35,"column":25}},"loc":{"start":{"line":35,"column":36},"end":{"line":98,"column":3}},"line":35}},"branchMap":{"0":{"loc":{"start":{"line":36,"column":4},"end":{"line":39,"column":5}},"type":"if","locations":[{"start":{"line":36,"column":4},"end":{"line":39,"column":5}},{"start":{},"end":{}}],"line":36},"1":{"loc":{"start":{"line":36,"column":8},"end":{"line":36,"column":27}},"type":"binary-expr","locations":[{"start":{"line":36,"column":8},"end":{"line":36,"column":14}},{"start":{"line":36,"column":18},"end":{"line":36,"column":27}}],"line":36},"2":{"loc":{"start":{"line":56,"column":6},"end":{"line":86,"column":5}},"type":"if","locations":[{"start":{"line":56,"column":6},"end":{"line":86,"column":5}},{"start":{"line":84,"column":11},"end":{"line":86,"column":5}}],"line":56},"3":{"loc":{"start":{"line":72,"column":8},"end":{"line":81,"column":9}},"type":"if","locations":[{"start":{"line":72,"column":8},"end":{"line":81,"column":9}},{"start":{"line":76,"column":15},"end":{"line":81,"column":9}}],"line":72},"4":{"loc":{"start":{"line":76,"column":15},"end":{"line":81,"column":9}},"type":"if","locations":[{"start":{"line":76,"column":15},"end":{"line":81,"column":9}},{"start":{},"end":{}}],"line":76},"5":{"loc":{"start":{"line":94,"column":24},"end":{"line":94,"column":89}},"type":"binary-expr","locations":[{"start":{"line":94,"column":24},"end":{"line":94,"column":58}},{"start":{"line":94,"column":62},"end":{"line":94,"column":89}}],"line":94}},"s":{"0":1,"1":3,"2":3,"3":3,"4":3,"5":3,"6":3,"7":3,"8":1,"9":1,"10":3,"11":0,"12":0,"13":0,"14":0,"15":0,"16":0,"17":0,"18":0,"19":0,"20":0,"21":0,"22":0,"23":0,"24":0,"25":0,"26":0,"27":0,"28":0,"29":0,"30":0,"31":0,"32":0,"33":0,"34":0,"35":0,"36":0,"37":0,"38":0,"39":0,"40":3},"f":{"0":3,"1":0,"2":0,"3":1,"4":0},"b":{"0":[0,0],"1":[0,0],"2":[0,0],"3":[0,0],"4":[0,0],"5":[0,0]},"_coverageSchema":"1a1c01bbd47fc00a2c39e90264f33305004495a9","hash":"70c333ab65bd6189564b1106b910f36f5dc63634"}
}
