TN:
SF:src\domain\services\getBaseUrl.ts
FN:8,(anonymous_0)
FNF:1
FNH:0
FNDA:0,(anonymous_0)
DA:6,1
DA:8,1
DA:10,0
DA:11,0
DA:14,0
DA:15,0
DA:17,0
DA:18,0
DA:19,0
DA:20,0
DA:22,0
DA:23,0
DA:24,0
DA:25,0
DA:27,0
DA:28,0
LF:16
LH:2
BRDA:10,0,0,0
BRDA:10,0,1,0
BRDA:15,1,0,0
BRDA:15,1,1,0
BRDA:15,1,2,0
BRDA:17,2,0,0
BRDA:17,2,1,0
BRDA:17,2,2,0
BRDA:18,3,0,0
BRDA:18,3,1,0
BRF:10
BRH:0
end_of_record
TN:
SF:src\presentation\views\abogado-screens\abogado-agenda-screen\abogado-editar-agenda-screen\viewAbogadoEditarAgendaScreenModel.tsx
FN:18,(anonymous_0)
FN:33,(anonymous_1)
FN:71,(anonymous_2)
FN:85,(anonymous_3)
FN:91,(anonymous_4)
FN:96,(anonymous_5)
FN:107,(anonymous_6)
FN:115,(anonymous_7)
FN:134,(anonymous_8)
FNF:9
FNH:5
FNDA:2,(anonymous_0)
FNDA:0,(anonymous_1)
FNDA:2,(anonymous_2)
FNDA:2,(anonymous_3)
FNDA:0,(anonymous_4)
FNDA:0,(anonymous_5)
FNDA:0,(anonymous_6)
FNDA:1,(anonymous_7)
FNDA:2,(anonymous_8)
DA:18,1
DA:19,2
DA:20,2
DA:24,2
DA:25,2
DA:26,2
DA:27,2
DA:28,2
DA:29,2
DA:30,2
DA:31,2
DA:33,2
DA:34,0
DA:35,0
DA:38,0
DA:46,0
DA:49,0
DA:50,0
DA:53,0
DA:54,0
DA:55,0
DA:58,0
DA:59,0
DA:61,0
DA:71,2
DA:72,2
DA:73,2
DA:74,2
DA:75,2
DA:76,2
DA:77,2
DA:80,0
DA:85,2
DA:86,2
DA:87,2
DA:91,2
DA:92,0
DA:93,0
DA:96,2
DA:100,0
DA:101,0
DA:102,0
DA:107,2
DA:108,0
DA:115,2
DA:116,1
DA:117,1
DA:118,1
DA:119,1
DA:120,1
DA:124,1
DA:127,0
DA:128,0
DA:130,0
DA:134,2
DA:135,2
DA:152,2
LF:57
LH:35
BRDA:24,0,0,2
BRDA:24,0,1,0
BRDA:25,1,0,2
BRDA:25,1,1,0
BRDA:28,2,0,2
BRDA:28,2,1,0
BRDA:40,3,0,0
BRDA:40,3,1,0
BRDA:49,4,0,0
BRDA:49,4,1,0
BRDA:49,5,0,0
BRDA:49,5,1,0
BRDA:58,6,0,0
BRDA:58,6,1,0
BRDA:66,7,0,0
BRDA:66,7,1,0
BRDA:86,8,0,2
BRDA:86,8,1,0
BRDA:101,9,0,0
BRDA:101,9,1,0
BRDA:127,10,0,0
BRDA:127,10,1,0
BRF:22
BRH:4
end_of_record
TN:
SF:src\presentation\views\inicio-screen\viewInicioSesionScreenModel.tsx
FN:14,(anonymous_0)
FN:23,(anonymous_1)
FN:26,(anonymous_2)
FN:30,(anonymous_3)
FN:35,(anonymous_4)
FNF:5
FNH:2
FNDA:3,(anonymous_0)
FNDA:0,(anonymous_1)
FNDA:0,(anonymous_2)
FNDA:1,(anonymous_3)
FNDA:0,(anonymous_4)
DA:14,1
DA:15,3
DA:16,3
DA:17,3
DA:20,3
DA:23,3
DA:26,3
DA:30,3
DA:31,1
DA:32,1
DA:35,3
DA:36,0
DA:37,0
DA:38,0
DA:41,0
DA:42,0
DA:43,0
DA:44,0
DA:45,0
DA:46,0
DA:56,0
DA:57,0
DA:58,0
DA:60,0
DA:61,0
DA:63,0
DA:64,0
DA:66,0
DA:67,0
DA:70,0
DA:72,0
DA:73,0
DA:76,0
DA:77,0
DA:82,0
DA:85,0
DA:88,0
DA:89,0
DA:94,0
DA:96,0
DA:100,3
LF:41
LH:12
BRDA:36,0,0,0
BRDA:36,0,1,0
BRDA:36,1,0,0
BRDA:36,1,1,0
BRDA:56,2,0,0
BRDA:56,2,1,0
BRDA:72,3,0,0
BRDA:72,3,1,0
BRDA:76,4,0,0
BRDA:76,4,1,0
BRDA:94,5,0,0
BRDA:94,5,1,0
BRF:12
BRH:0
end_of_record
